Case #1: 
GCJ
GCJ
GCJ
Case #2: 
CODE
CODE
JJAM
Case #3: 
CA
KE
Case #4: 
AAC
BBD
Case #5: 
CDBB
CDBB
AEEE
Case #6: 
EBAD
EBAD
CBAD
Case #7: 
AAAA
BBBB
CCCC
Case #8: 
DDF
BGH
IKE
CAJ
Case #9: 
AB
AB
Case #10: 
AA
AA
AA
BB
Case #11: 
GGGA
DDCB
DDFE
Case #12: 
FFFA
BBGC
EIDH
Case #13: 
CJDI
GEBH
FABH
Case #14: 
ABCC
ABCC
ABCC
Case #15: 
DFBC
EGBC
AGBC
Case #16: 
ECDD
EADD
EABB
Case #17: 
DAA
CBE
Case #18: 
AAA
Case #19: 
BEFD
CKGL
HAJI
Case #20: 
AA
Case #21: 
BEHC
FDAC
FGAC
Case #22: 
AAA
AAA
Case #23: 
AEB
HJL
FCG
KDI
Case #24: 
BDEC
BDEC
BDAC
Case #25: 
DDDE
AAAC
AAAB
Case #26: 
CEIH
BFDA
BFGA
Case #27: 
BEDD
BEDD
AACC
Case #28: 
AA
BC
Case #29: 
ADD
BDD
CEE
Case #30: 
AAB
EFB
EFD
CCD
Case #31: 
EDB
EDB
FFC
FFA
Case #32: 
EECC
EECC
ADBB
Case #33: 
ADBE
ADBE
ACCC
Case #34: 
FAA
FAA
DBC
DEC
Case #35: 
FFAE
IDHG
IBCG
Case #36: 
HLG
BAJ
DIF
KEC
Case #37: 
AAB
Case #38: 
BCC
ACC
Case #39: 
CAB
Case #40: 
ABC
DBC
DEE
Case #41: 
FGC
BAD
BED
BED
Case #42: 
FBE
FBD
CBD
CAA
Case #43: 
EFDH
GCBI
GCAI
Case #44: 
FBB
EBB
ACC
DCC
Case #45: 
AAAA
BBBB
CCCC
Case #46: 
AAEE
CBEE
CDEE
Case #47: 
DAF
EBF
ECF
ECF
Case #48: 
JKCD
FAIE
FGBH
Case #49: 
ABBCCDDEEFFF
Case #50: 
ECGB
EHIA
EHFD
Case #51: 
BAE
BAE
DFE
DFC
Case #52: 
ADEI
AFHG
AFCB
Case #53: 
ABCD
ABCD
ABCD
Case #54: 
FED
FED
FAC
BBC
Case #55: 
ADBE
ADBE
CCBE
Case #56: 
KCB
FJA
GHD
EID
Case #57: 
ACEE
ACEE
BDDF
Case #58: 
AACC
AACC
BDEE
Case #59: 
JDF
EIF
ACG
BHG
Case #60: 
ICEA
KJDB
KFGH
Case #61: 
ECAB
ECAB
DDAB
Case #62: 
A
A
Case #63: 
ACBD
ACBD
ECFD
Case #64: 
HAA
BEJ
FIJ
CGD
Case #65: 
FDD
FBB
ABB
AEC
Case #66: 
B
A
Case #67: 
A
A
B
B
C
C
D
D
E
E
F
F
Case #68: 
DCBH
AFGH
EIGH
Case #69: 
ABB
CBB
CDD
EEF
Case #70: 
ECB
ECB
AAB
FFD
Case #71: 
IHE
ACB
GDF
GDF
Case #72: 
ECF
ECF
EBA
DBA
Case #73: 
CC
CC
EB
EB
ED
AD
Case #74: 
AAAA
BBBB
CCCC
Case #75: 
AABB
AABB
Case #76: 
AB
Case #77: 
DFA
CFA
CEE
BEE
Case #78: 
KCE
AIF
HDJ
HBG
Case #79: 
ADBECF
ADBECF
Case #80: 
BED
FCA
Case #81: 
ABCD
ABCD
ABCD
Case #82: 
ADE
BDE
BDE
CFF
Case #83: 
AA
AA
Case #84: 
ABCD
ABCD
ABCD
Case #85: 
CCE
AAB
AAD
AAD
Case #86: 
HJG
AKG
FEB
DIC
Case #87: 
DEAB
DEAB
DCAB
Case #88: 
A
Case #89: 
AAEC
BBEC
BBDD
Case #90: 
BA
DC
Case #91: 
CCF
CCF
EAD
EAB
Case #92: 
CCC
CCC
BFE
ADE
Case #93: 
FDB
FDB
ECA
ECA
Case #94: 
CCJJ
CCJJ
CCJJ
Case #95: 
AB
AB
CB
CD
ED
EF
Case #96: 
BBB
BBB
DDC
AFE
Case #97: 
BBB
DDC
EAC
EAF
Case #98: 
BAA
BAA
Case #99: 
ACB
ACB
DCE
DFE
Case #100: 
BBEA
DCEA
DCEA
